Performing C SOURCE FILE Test CMAKE_HAVE_LIBC_PTHREAD failed with the following output:
Change Dir: /home/ivan/MrShip15/workspace/projects/hw07/_builds/default/CMakeFiles/CMakeTmp

Run Build Command(s):/usr/bin/make cmTC_50803/fast && /usr/bin/make  -f CMakeFiles/cmTC_50803.dir/build.make CMakeFiles/cmTC_50803.dir/build
make[1]: вход в каталог «/home/ivan/MrShip15/workspace/projects/hw07/_builds/default/CMakeFiles/CMakeTmp»
Building C object CMakeFiles/cmTC_50803.dir/src.c.o
/usr/bin/cc   -DCMAKE_HAVE_LIBC_PTHREAD   -o CMakeFiles/cmTC_50803.dir/src.c.o   -c /home/ivan/MrShip15/workspace/projects/hw07/_builds/default/CMakeFiles/CMakeTmp/src.c
Linking C executable cmTC_50803
/snap/cmake/372/bin/cmake -E cmake_link_script CMakeFiles/cmTC_50803.dir/link.txt --verbose=1
/usr/bin/cc  -DCMAKE_HAVE_LIBC_PTHREAD    CMakeFiles/cmTC_50803.dir/src.c.o  -o cmTC_50803 
CMakeFiles/cmTC_50803.dir/src.c.o: In function `main':
src.c:(.text+0x3e): undefined reference to `pthread_create'
src.c:(.text+0x4a): undefined reference to `pthread_detach'
src.c:(.text+0x56): undefined reference to `pthread_cancel'
src.c:(.text+0x67): undefined reference to `pthread_join'
src.c:(.text+0x7b): undefined reference to `pthread_atfork'
collect2: error: ld returned 1 exit status
CMakeFiles/cmTC_50803.dir/build.make:106: recipe for target 'cmTC_50803' failed
make[1]: *** [cmTC_50803] Error 1
make[1]: выход из каталога «/home/ivan/MrShip15/workspace/projects/hw07/_builds/default/CMakeFiles/CMakeTmp»
Makefile:141: recipe for target 'cmTC_50803/fast' failed
make: *** [cmTC_50803/fast] Error 2


Source file was:
#include <pthread.h>

void* test_func(void* data)
{
  return data;
}

int main(void)
{
  pthread_t thread;
  pthread_create(&thread, NULL, test_func, NULL);
  pthread_detach(thread);
  pthread_cancel(thread);
  pthread_join(thread, NULL);
  pthread_atfork(NULL, NULL, NULL);
  pthread_exit(NULL);

  return 0;
}

Determining if the function pthread_create exists in the pthreads failed with the following output:
Change Dir: /home/ivan/MrShip15/workspace/projects/hw07/_builds/default/CMakeFiles/CMakeTmp

Run Build Command(s):/usr/bin/make cmTC_a1148/fast && /usr/bin/make  -f CMakeFiles/cmTC_a1148.dir/build.make CMakeFiles/cmTC_a1148.dir/build
make[1]: вход в каталог «/home/ivan/MrShip15/workspace/projects/hw07/_builds/default/CMakeFiles/CMakeTmp»
Building C object CMakeFiles/cmTC_a1148.dir/CheckFunctionExists.c.o
/usr/bin/cc   -DCHECK_FUNCTION_EXISTS=pthread_create   -o CMakeFiles/cmTC_a1148.dir/CheckFunctionExists.c.o   -c /snap/cmake/372/share/cmake-3.17/Modules/CheckFunctionExists.c
Linking C executable cmTC_a1148
/snap/cmake/372/bin/cmake -E cmake_link_script CMakeFiles/cmTC_a1148.dir/link.txt --verbose=1
/usr/bin/cc  -DCHECK_FUNCTION_EXISTS=pthread_create    CMakeFiles/cmTC_a1148.dir/CheckFunctionExists.c.o  -o cmTC_a1148  -lpthreads 
/usr/bin/ld: cannot find -lpthreads
collect2: error: ld returned 1 exit status
CMakeFiles/cmTC_a1148.dir/build.make:106: recipe for target 'cmTC_a1148' failed
make[1]: *** [cmTC_a1148] Error 1
make[1]: выход из каталога «/home/ivan/MrShip15/workspace/projects/hw07/_builds/default/CMakeFiles/CMakeTmp»
Makefile:141: recipe for target 'cmTC_a1148/fast' failed
make: *** [cmTC_a1148/fast] Error 2



