Performing C SOURCE FILE Test CMAKE_HAVE_LIBC_PTHREAD failed with the following output:
Change Dir: /home/ivan/MrShip15/workspace/projects/hw07/_builds/CMakeFiles/CMakeTmp

Run Build Command(s):/usr/bin/make cmTC_89df5/fast && /usr/bin/make  -f CMakeFiles/cmTC_89df5.dir/build.make CMakeFiles/cmTC_89df5.dir/build
make[1]: вход в каталог «/home/ivan/MrShip15/workspace/projects/hw07/_builds/CMakeFiles/CMakeTmp»
Building C object CMakeFiles/cmTC_89df5.dir/src.c.o
/usr/bin/cc   -DCMAKE_HAVE_LIBC_PTHREAD   -o CMakeFiles/cmTC_89df5.dir/src.c.o   -c /home/ivan/MrShip15/workspace/projects/hw07/_builds/CMakeFiles/CMakeTmp/src.c
Linking C executable cmTC_89df5
/snap/cmake/372/bin/cmake -E cmake_link_script CMakeFiles/cmTC_89df5.dir/link.txt --verbose=1
/usr/bin/cc  -DCMAKE_HAVE_LIBC_PTHREAD    CMakeFiles/cmTC_89df5.dir/src.c.o  -o cmTC_89df5 
CMakeFiles/cmTC_89df5.dir/src.c.o: In function `main':
src.c:(.text+0x3e): undefined reference to `pthread_create'
src.c:(.text+0x4a): undefined reference to `pthread_detach'
src.c:(.text+0x56): undefined reference to `pthread_cancel'
src.c:(.text+0x67): undefined reference to `pthread_join'
src.c:(.text+0x7b): undefined reference to `pthread_atfork'
collect2: error: ld returned 1 exit status
CMakeFiles/cmTC_89df5.dir/build.make:106: recipe for target 'cmTC_89df5' failed
make[1]: *** [cmTC_89df5] Error 1
make[1]: выход из каталога «/home/ivan/MrShip15/workspace/projects/hw07/_builds/CMakeFiles/CMakeTmp»
Makefile:141: recipe for target 'cmTC_89df5/fast' failed
make: *** [cmTC_89df5/fast] Error 2


Source file was:
#include <pthread.h>

void* test_func(void* data)
{
  return data;
}

int main(void)
{
  pthread_t thread;
  pthread_create(&thread, NULL, test_func, NULL);
  pthread_detach(thread);
  pthread_cancel(thread);
  pthread_join(thread, NULL);
  pthread_atfork(NULL, NULL, NULL);
  pthread_exit(NULL);

  return 0;
}

Determining if the function pthread_create exists in the pthreads failed with the following output:
Change Dir: /home/ivan/MrShip15/workspace/projects/hw07/_builds/CMakeFiles/CMakeTmp

Run Build Command(s):/usr/bin/make cmTC_9610a/fast && /usr/bin/make  -f CMakeFiles/cmTC_9610a.dir/build.make CMakeFiles/cmTC_9610a.dir/build
make[1]: вход в каталог «/home/ivan/MrShip15/workspace/projects/hw07/_builds/CMakeFiles/CMakeTmp»
Building C object CMakeFiles/cmTC_9610a.dir/CheckFunctionExists.c.o
/usr/bin/cc   -DCHECK_FUNCTION_EXISTS=pthread_create   -o CMakeFiles/cmTC_9610a.dir/CheckFunctionExists.c.o   -c /snap/cmake/372/share/cmake-3.17/Modules/CheckFunctionExists.c
Linking C executable cmTC_9610a
/snap/cmake/372/bin/cmake -E cmake_link_script CMakeFiles/cmTC_9610a.dir/link.txt --verbose=1
/usr/bin/cc  -DCHECK_FUNCTION_EXISTS=pthread_create    CMakeFiles/cmTC_9610a.dir/CheckFunctionExists.c.o  -o cmTC_9610a  -lpthreads 
/usr/bin/ld: cannot find -lpthreads
collect2: error: ld returned 1 exit status
CMakeFiles/cmTC_9610a.dir/build.make:106: recipe for target 'cmTC_9610a' failed
make[1]: *** [cmTC_9610a] Error 1
make[1]: выход из каталога «/home/ivan/MrShip15/workspace/projects/hw07/_builds/CMakeFiles/CMakeTmp»
Makefile:141: recipe for target 'cmTC_9610a/fast' failed
make: *** [cmTC_9610a/fast] Error 2



